000 (17165417.000.000) 12/04 14:12:18 Job submitted from host: <128.83.130.186:9618?addrs=128.83.130.186-9618+[--1]-9618&noUDP&sock=1270_b15e_3>
...
001 (17165417.000.000) 12/04 14:12:32 Job executing on host: <128.83.120.132:9618?addrs=128.83.120.132-9618+[--1]-9618&noUDP&sock=1324_bb7b_3>
...
006 (17165417.000.000) 12/04 14:12:41 Image size of job updated: 154144
	114  -  MemoryUsage of job (MB)
	116088  -  ResidentSetSize of job (KB)
...
006 (17165417.000.000) 12/04 14:17:42 Image size of job updated: 2545664
	2442  -  MemoryUsage of job (MB)
	2500488  -  ResidentSetSize of job (KB)
...
006 (17165417.000.000) 12/04 14:22:43 Image size of job updated: 2545664
	2444  -  MemoryUsage of job (MB)
	2502032  -  ResidentSetSize of job (KB)
...
006 (17165417.000.000) 12/04 14:27:43 Image size of job updated: 3343132
	3221  -  MemoryUsage of job (MB)
	3297956  -  ResidentSetSize of job (KB)
...
006 (17165417.000.000) 12/04 14:32:43 Image size of job updated: 4736528
	4582  -  MemoryUsage of job (MB)
	4691352  -  ResidentSetSize of job (KB)
...
006 (17165417.000.000) 12/04 14:57:46 Image size of job updated: 5505016
	5332  -  MemoryUsage of job (MB)
	5459840  -  ResidentSetSize of job (KB)
...
006 (17165417.000.000) 12/04 15:02:46 Image size of job updated: 5505016
	5333  -  MemoryUsage of job (MB)
	5460072  -  ResidentSetSize of job (KB)
...
004 (17165417.000.000) 12/04 15:44:19 Job was evicted.
	(0) Job was not checkpointed.
		Usr 0 13:10:43, Sys 0 01:22:33  -  Run Remote Usage
		Usr 0 00:00:00, Sys 0 00:00:00  -  Run Local Usage
	0  -  Run Bytes Sent By Job
	0  -  Run Bytes Received By Job
	Partitionable Resources :    Usage  Request Allocated
	   Cpus                 :                 1         6
	   Disk (KB)            :     1250     1250 169088566
	   Gpus                 :                 1         1
	   Memory (MB)          :     5333        2     32155
...
009 (17165417.000.000) 12/04 15:44:19 Job was aborted by the user.
	via condor_rm (by user gguzman)
...
000 (17165418.000.000) 12/04 16:06:31 Job submitted from host: <128.83.130.186:9618?addrs=128.83.130.186-9618+[--1]-9618&noUDP&sock=1270_b15e_3>
...
001 (17165418.000.000) 12/04 16:06:49 Job executing on host: <128.83.139.27:9618?addrs=128.83.139.27-9618+[--1]-9618&noUDP&sock=1250_f979_3>
...
006 (17165418.000.000) 12/04 16:06:58 Image size of job updated: 158128
	118  -  MemoryUsage of job (MB)
	119976  -  ResidentSetSize of job (KB)
...
006 (17165418.000.000) 12/04 16:09:48 Image size of job updated: 1144648
	1074  -  MemoryUsage of job (MB)
	1098864  -  ResidentSetSize of job (KB)
...
004 (17165418.000.000) 12/04 16:09:48 Job was evicted.
	(0) Job was not checkpointed.
		Usr 0 00:13:58, Sys 0 00:01:37  -  Run Remote Usage
		Usr 0 00:00:00, Sys 0 00:00:00  -  Run Local Usage
	0  -  Run Bytes Sent By Job
	0  -  Run Bytes Received By Job
	Partitionable Resources :    Usage  Request Allocated
	   Cpus                 :                 1         4
	   Disk (KB)            :     1250     1250 172985044
	   Gpus                 :                 1         1
	   Memory (MB)          :     1074        2     28157
...
009 (17165418.000.000) 12/04 16:09:48 Job was aborted by the user.
	via condor_rm (by user gguzman)
...
000 (17165424.000.000) 12/04 16:37:51 Job submitted from host: <128.83.130.186:9618?addrs=128.83.130.186-9618+[--1]-9618&noUDP&sock=1270_b15e_3>
...
001 (17165424.000.000) 12/04 16:38:10 Job executing on host: <128.83.120.131:9618?addrs=128.83.120.131-9618+[--1]-9618&noUDP&sock=1390_00bb_3>
...
006 (17165424.000.000) 12/04 16:38:19 Image size of job updated: 161788
	121  -  MemoryUsage of job (MB)
	123356  -  ResidentSetSize of job (KB)
...
006 (17165424.000.000) 12/04 16:43:20 Image size of job updated: 1035776
	968  -  MemoryUsage of job (MB)
	990364  -  ResidentSetSize of job (KB)
...
006 (17165424.000.000) 12/04 16:43:36 Image size of job updated: 1128352
	1058  -  MemoryUsage of job (MB)
	1082940  -  ResidentSetSize of job (KB)
...
004 (17165424.000.000) 12/04 16:43:36 Job was evicted.
	(0) Job was not checkpointed.
		Usr 0 00:40:42, Sys 0 00:04:46  -  Run Remote Usage
		Usr 0 00:00:00, Sys 0 00:00:00  -  Run Local Usage
	0  -  Run Bytes Sent By Job
	0  -  Run Bytes Received By Job
	Partitionable Resources :    Usage  Request Allocated
	   Cpus                 :                 1         6
	   Disk (KB)            :     1250     1250 169088562
	   Gpus                 :                 1         1
	   Memory (MB)          :     1058        2     32155
...
001 (17165424.000.000) 12/04 16:44:38 Job executing on host: <128.83.120.136:9618?addrs=128.83.120.136-9618+[--1]-9618&noUDP&sock=1352_f022_3>
...
004 (17165424.000.000) 12/04 17:12:29 Job was evicted.
	(0) Job was not checkpointed.
		Usr 0 03:38:10, Sys 0 00:28:09  -  Run Remote Usage
		Usr 0 00:00:00, Sys 0 00:00:00  -  Run Local Usage
	0  -  Run Bytes Sent By Job
	0  -  Run Bytes Received By Job
	Partitionable Resources :    Usage  Request Allocated
	   Cpus                 :                 1         6
	   Disk (KB)            :     1250     1250 159962686
	   Gpus                 :                 1         1
	   Memory (MB)          :     1221     1221     32155
...
009 (17165424.000.000) 12/04 17:12:29 Job was aborted by the user.
	via condor_rm (by user gguzman)
...
000 (17165742.000.000) 12/04 17:14:23 Job submitted from host: <128.83.130.186:9618?addrs=128.83.130.186-9618+[--1]-9618&noUDP&sock=1270_b15e_3>
...
001 (17165742.000.000) 12/04 17:14:41 Job executing on host: <128.83.120.154:9618?addrs=128.83.120.154-9618+[--1]-9618&noUDP&sock=1332_383d_3>
...
006 (17165742.000.000) 12/04 17:14:41 Image size of job updated: 1250
	1  -  MemoryUsage of job (MB)
	4  -  ResidentSetSize of job (KB)
...
005 (17165742.000.000) 12/04 17:14:41 Job terminated.
	(1) Normal termination (return value 0)
		Usr 0 00:00:00, Sys 0 00:00:00  -  Run Remote Usage
		Usr 0 00:00:00, Sys 0 00:00:00  -  Run Local Usage
		Usr 0 00:00:00, Sys 0 00:00:00  -  Total Remote Usage
		Usr 0 00:00:00, Sys 0 00:00:00  -  Total Local Usage
	0  -  Run Bytes Sent By Job
	0  -  Run Bytes Received By Job
	0  -  Total Bytes Sent By Job
	0  -  Total Bytes Received By Job
	Partitionable Resources :    Usage  Request Allocated
	   Cpus                 :                 1         6
	   Disk (KB)            :     1250     1250 169088566
	   Gpus                 :                 1         1
	   Memory (MB)          :        1        2     32155
...
000 (17165746.000.000) 12/04 17:22:41 Job submitted from host: <128.83.130.186:9618?addrs=128.83.130.186-9618+[--1]-9618&noUDP&sock=1270_b15e_3>
...
001 (17165746.000.000) 12/04 17:23:07 Job executing on host: <128.83.120.132:9618?addrs=128.83.120.132-9618+[--1]-9618&noUDP&sock=1324_bb7b_3>
...
006 (17165746.000.000) 12/04 17:23:15 Image size of job updated: 128308
	126  -  MemoryUsage of job (MB)
	128308  -  ResidentSetSize of job (KB)
...
006 (17165746.000.000) 12/04 17:28:15 Image size of job updated: 940684
	919  -  MemoryUsage of job (MB)
	940684  -  ResidentSetSize of job (KB)
...
006 (17165746.000.000) 12/04 17:30:42 Image size of job updated: 949692
	928  -  MemoryUsage of job (MB)
	949692  -  ResidentSetSize of job (KB)
...
004 (17165746.000.000) 12/04 17:30:42 Job was evicted.
	(0) Job was not checkpointed.
		Usr 0 00:55:47, Sys 0 00:06:26  -  Run Remote Usage
		Usr 0 00:00:00, Sys 0 00:00:00  -  Run Local Usage
	0  -  Run Bytes Sent By Job
	0  -  Run Bytes Received By Job
	Partitionable Resources :    Usage  Request Allocated
	   Cpus                 :                 1         6
	   Disk (KB)            :     1250     1250 169088566
	   Gpus                 :                 1         1
	   Memory (MB)          :      928        2     32155
...
009 (17165746.000.000) 12/04 17:30:42 Job was aborted by the user.
	via condor_rm (by user gguzman)
...
000 (17165747.000.000) 12/04 17:45:47 Job submitted from host: <128.83.130.186:9618?addrs=128.83.130.186-9618+[--1]-9618&noUDP&sock=1270_b15e_3>
...
001 (17165747.000.000) 12/04 17:46:40 Job executing on host: <128.83.120.180:9618?addrs=128.83.120.180-9618+[--1]-9618&noUDP&sock=1431_201d_3>
...
006 (17165747.000.000) 12/04 17:46:40 Image size of job updated: 1250
	1  -  MemoryUsage of job (MB)
	4  -  ResidentSetSize of job (KB)
...
005 (17165747.000.000) 12/04 17:46:40 Job terminated.
	(1) Normal termination (return value 0)
		Usr 0 00:00:00, Sys 0 00:00:00  -  Run Remote Usage
		Usr 0 00:00:00, Sys 0 00:00:00  -  Run Local Usage
		Usr 0 00:00:00, Sys 0 00:00:00  -  Total Remote Usage
		Usr 0 00:00:00, Sys 0 00:00:00  -  Total Local Usage
	0  -  Run Bytes Sent By Job
	0  -  Run Bytes Received By Job
	0  -  Total Bytes Sent By Job
	0  -  Total Bytes Received By Job
	Partitionable Resources :    Usage  Request Allocated
	   Cpus                 :                 1         6
	   Disk (KB)            :     1250     1250 169088566
	   Gpus                 :                 1         1
	   Memory (MB)          :        1        2     32155
...
000 (17165748.000.000) 12/04 17:54:47 Job submitted from host: <128.83.130.186:9618?addrs=128.83.130.186-9618+[--1]-9618&noUDP&sock=1270_b15e_3>
...
001 (17165748.000.000) 12/04 17:55:09 Job executing on host: <128.83.139.27:9618?addrs=128.83.139.27-9618+[--1]-9618&noUDP&sock=1250_f979_3>
...
006 (17165748.000.000) 12/04 17:55:17 Image size of job updated: 144176
	104  -  MemoryUsage of job (MB)
	105528  -  ResidentSetSize of job (KB)
...
006 (17165748.000.000) 12/04 18:00:17 Image size of job updated: 1033260
	964  -  MemoryUsage of job (MB)
	986844  -  ResidentSetSize of job (KB)
...
006 (17165748.000.000) 12/04 18:05:17 Image size of job updated: 1033260
	966  -  MemoryUsage of job (MB)
	988164  -  ResidentSetSize of job (KB)
...
006 (17165748.000.000) 12/04 18:15:18 Image size of job updated: 1114424
	1043  -  MemoryUsage of job (MB)
	1067448  -  ResidentSetSize of job (KB)
...
006 (17165748.000.000) 12/04 18:20:18 Image size of job updated: 1114424
	1048  -  MemoryUsage of job (MB)
	1073120  -  ResidentSetSize of job (KB)
...
006 (17165748.000.000) 12/04 19:00:23 Image size of job updated: 1312956
	1238  -  MemoryUsage of job (MB)
	1266868  -  ResidentSetSize of job (KB)
...
006 (17165748.000.000) 12/04 19:05:23 Image size of job updated: 1312956
	1240  -  MemoryUsage of job (MB)
	1269140  -  ResidentSetSize of job (KB)
...
006 (17165748.000.000) 12/04 19:50:27 Image size of job updated: 1370592
	1294  -  MemoryUsage of job (MB)
	1324548  -  ResidentSetSize of job (KB)
...
006 (17165748.000.000) 12/04 19:55:27 Image size of job updated: 1370592
	1298  -  MemoryUsage of job (MB)
	1328316  -  ResidentSetSize of job (KB)
...
006 (17165748.000.000) 12/04 20:10:29 Image size of job updated: 1481604
	1402  -  MemoryUsage of job (MB)
	1435560  -  ResidentSetSize of job (KB)
...
006 (17165748.000.000) 12/04 20:15:29 Image size of job updated: 1481604
	1410  -  MemoryUsage of job (MB)
	1443316  -  ResidentSetSize of job (KB)
...
006 (17165748.000.000) 12/04 21:00:33 Image size of job updated: 1609672
	1527  -  MemoryUsage of job (MB)
	1563540  -  ResidentSetSize of job (KB)
...
006 (17165748.000.000) 12/04 21:05:34 Image size of job updated: 1609672
	1529  -  MemoryUsage of job (MB)
	1564840  -  ResidentSetSize of job (KB)
...
006 (17165748.000.000) 12/04 21:10:35 Image size of job updated: 1777352
	1691  -  MemoryUsage of job (MB)
	1731220  -  ResidentSetSize of job (KB)
...
006 (17165748.000.000) 12/04 21:15:35 Image size of job updated: 1777352
	1693  -  MemoryUsage of job (MB)
	1733608  -  ResidentSetSize of job (KB)
...
006 (17165748.000.000) 12/04 22:10:40 Image size of job updated: 1796680
	1710  -  MemoryUsage of job (MB)
	1750612  -  ResidentSetSize of job (KB)
...
006 (17165748.000.000) 12/04 22:15:41 Image size of job updated: 2121108
	2027  -  MemoryUsage of job (MB)
	2074904  -  ResidentSetSize of job (KB)
...
006 (17165748.000.000) 12/04 22:45:45 Image size of job updated: 2167712
	2072  -  MemoryUsage of job (MB)
	2121508  -  ResidentSetSize of job (KB)
...
006 (17165748.000.000) 12/04 22:50:46 Image size of job updated: 2167712
	2073  -  MemoryUsage of job (MB)
	2122060  -  ResidentSetSize of job (KB)
...
006 (17165748.000.000) 12/04 22:55:46 Image size of job updated: 2549992
	2446  -  MemoryUsage of job (MB)
	2503788  -  ResidentSetSize of job (KB)
...
006 (17165748.000.000) 12/04 23:00:46 Image size of job updated: 2549992
	2446  -  MemoryUsage of job (MB)
	2504204  -  ResidentSetSize of job (KB)
...
006 (17165748.000.000) 12/05 00:05:52 Image size of job updated: 2704104
	2593  -  MemoryUsage of job (MB)
	2654804  -  ResidentSetSize of job (KB)
...
006 (17165748.000.000) 12/05 00:10:53 Image size of job updated: 2704104
	2594  -  MemoryUsage of job (MB)
	2655280  -  ResidentSetSize of job (KB)
...
006 (17165748.000.000) 12/05 00:15:54 Image size of job updated: 2710180
	2599  -  MemoryUsage of job (MB)
	2660880  -  ResidentSetSize of job (KB)
...
006 (17165748.000.000) 12/05 00:20:54 Image size of job updated: 2710180
	2600  -  MemoryUsage of job (MB)
	2661768  -  ResidentSetSize of job (KB)
...
006 (17165748.000.000) 12/05 00:35:56 Image size of job updated: 2721016
	2610  -  MemoryUsage of job (MB)
	2671716  -  ResidentSetSize of job (KB)
...
006 (17165748.000.000) 12/05 00:40:56 Image size of job updated: 2721016
	2610  -  MemoryUsage of job (MB)
	2672308  -  ResidentSetSize of job (KB)
...
006 (17165748.000.000) 12/05 01:10:59 Image size of job updated: 3006308
	2888  -  MemoryUsage of job (MB)
	2957008  -  ResidentSetSize of job (KB)
...
006 (17165748.000.000) 12/05 01:16:00 Image size of job updated: 3006308
	2888  -  MemoryUsage of job (MB)
	2957240  -  ResidentSetSize of job (KB)
...
006 (17165748.000.000) 12/05 02:31:07 Image size of job updated: 3185140
	3063  -  MemoryUsage of job (MB)
	3135804  -  ResidentSetSize of job (KB)
...
006 (17165748.000.000) 12/05 02:36:08 Image size of job updated: 3734588
	3599  -  MemoryUsage of job (MB)
	3685252  -  ResidentSetSize of job (KB)
...
006 (17165748.000.000) 12/05 02:41:09 Image size of job updated: 3734588
	3600  -  MemoryUsage of job (MB)
	3685872  -  ResidentSetSize of job (KB)
...
006 (17165748.000.000) 12/05 02:56:10 Image size of job updated: 3753892
	3618  -  MemoryUsage of job (MB)
	3704556  -  ResidentSetSize of job (KB)
...
006 (17165748.000.000) 12/05 03:16:12 Image size of job updated: 3773848
	3638  -  MemoryUsage of job (MB)
	3724512  -  ResidentSetSize of job (KB)
...
006 (17165748.000.000) 12/05 04:31:21 Image size of job updated: 3905828
	3767  -  MemoryUsage of job (MB)
	3856516  -  ResidentSetSize of job (KB)
...
006 (17165748.000.000) 12/05 04:36:22 Image size of job updated: 3905828
	3767  -  MemoryUsage of job (MB)
	3857016  -  ResidentSetSize of job (KB)
...
006 (17165748.000.000) 12/05 05:26:27 Image size of job updated: 4238796
	4092  -  MemoryUsage of job (MB)
	4189484  -  ResidentSetSize of job (KB)
...
006 (17165748.000.000) 12/05 05:31:27 Image size of job updated: 4238796
	4099  -  MemoryUsage of job (MB)
	4197276  -  ResidentSetSize of job (KB)
...
006 (17165748.000.000) 12/05 06:56:36 Image size of job updated: 4535836
	4382  -  MemoryUsage of job (MB)
	4486532  -  ResidentSetSize of job (KB)
...
006 (17165748.000.000) 12/05 07:01:37 Image size of job updated: 4535836
	4382  -  MemoryUsage of job (MB)
	4486764  -  ResidentSetSize of job (KB)
...
006 (17165748.000.000) 12/05 08:06:43 Image size of job updated: 4814008
	4653  -  MemoryUsage of job (MB)
	4764608  -  ResidentSetSize of job (KB)
...
006 (17165748.000.000) 12/05 08:11:44 Image size of job updated: 4814008
	4656  -  MemoryUsage of job (MB)
	4767356  -  ResidentSetSize of job (KB)
...
006 (17165748.000.000) 12/05 10:01:55 Image size of job updated: 5279328
	5107  -  MemoryUsage of job (MB)
	5229228  -  ResidentSetSize of job (KB)
...
006 (17165748.000.000) 12/05 10:16:56 Image size of job updated: 7293396
	7074  -  MemoryUsage of job (MB)
	7243296  -  ResidentSetSize of job (KB)
...
006 (17165748.000.000) 12/05 10:21:57 Image size of job updated: 7293396
	7090  -  MemoryUsage of job (MB)
	7259832  -  ResidentSetSize of job (KB)
...
006 (17165748.000.000) 12/05 10:31:58 Image size of job updated: 7644048
	7416  -  MemoryUsage of job (MB)
	7593948  -  ResidentSetSize of job (KB)
...
006 (17165748.000.000) 12/05 12:32:10 Image size of job updated: 8083652
	7846  -  MemoryUsage of job (MB)
	8033552  -  ResidentSetSize of job (KB)
...
006 (17165748.000.000) 12/05 12:37:11 Image size of job updated: 8083652
	7848  -  MemoryUsage of job (MB)
	8036104  -  ResidentSetSize of job (KB)
...
006 (17165748.000.000) 12/05 15:22:28 Image size of job updated: 8306144
	8064  -  MemoryUsage of job (MB)
	8256768  -  ResidentSetSize of job (KB)
...
006 (17165748.000.000) 12/06 13:24:48 Image size of job updated: 8376988
	8133  -  MemoryUsage of job (MB)
	8327928  -  ResidentSetSize of job (KB)
...
006 (17165748.000.000) 12/06 13:29:48 Image size of job updated: 8376988
	8224  -  MemoryUsage of job (MB)
	8420404  -  ResidentSetSize of job (KB)
...
006 (17165748.000.000) 12/06 13:49:51 Image size of job updated: 8497468
	8251  -  MemoryUsage of job (MB)
	8448408  -  ResidentSetSize of job (KB)
...
005 (17165748.000.000) 12/07 13:34:16 Job terminated.
	(1) Normal termination (return value 0)
		Usr 15 20:39:55, Sys 1 17:54:07  -  Run Remote Usage
		Usr 0 00:00:00, Sys 0 00:00:00  -  Run Local Usage
		Usr 15 20:39:55, Sys 1 17:54:07  -  Total Remote Usage
		Usr 0 00:00:00, Sys 0 00:00:00  -  Total Local Usage
	0  -  Run Bytes Sent By Job
	0  -  Run Bytes Received By Job
	0  -  Total Bytes Sent By Job
	0  -  Total Bytes Received By Job
	Partitionable Resources :    Usage  Request Allocated
	   Cpus                 :                 1         4
	   Disk (KB)            :     1250     1250 172985032
	   Gpus                 :                 1         1
	   Memory (MB)          :     8251        2     28157
...
